2012-09-25 11:40:15.652 [info] <0.7.0> Application lager started on node nonode@nohost
2012-09-25 11:40:15.660 [info] <0.72.0>@broker_app:debug_log:234  [*] Running at http://localhost:8008
2012-09-25 11:40:15.739 [info] <0.7.0> Application amqp_client started on node nonode@nohost
2012-09-25 11:40:15.762 [error] <0.178.0> Supervisor broker_sup had child broker started with broker:start_link() at undefined exit with reason {'EXIT',{{badmatch,{error,econnrefused}},[{broker,start_link,0,[{file,"src/broker.erl"},{line,35}]},{supervisor,do_start_child,2,[{file,"supervisor.erl"},{line,303}]},{supervisor,start_children,3,[{file,"supervisor.erl"},{line,287}]},{supervisor,init_children,2,[{file,"supervisor.erl"},{line,253}]},{gen_server,init_it,6,[{file,"gen_server.erl"},{line,304}]},{proc_lib,init_p_do_apply,3,[{file,"proc_lib.erl"},{line,227}]}]}} in context start_error
2012-09-25 11:40:15.764 [error] <0.177.0> Supervisor app_sup had child broker_sup started with broker_sup:start_link() at undefined exit with reason shutdown in context start_error
2012-09-25 14:56:20.081 [info] <0.7.0> Application lager started on node nonode@nohost
2012-09-25 14:56:20.143 [info] <0.72.0>@broker_app:debug_log:234  [*] Running at http://localhost:8008
2012-09-25 14:56:20.175 [info] <0.7.0> Application amqp_client started on node nonode@nohost
2012-09-25 14:56:20.276 [info] <0.7.0> Application broker started on node nonode@nohost
2012-09-25 14:58:57.925 [info] <0.7.0> Application lager started on node nonode@nohost
2012-09-25 14:58:57.932 [info] <0.72.0>@broker_app:debug_log:234  [*] Running at http://localhost:8008
2012-09-25 14:58:57.963 [info] <0.7.0> Application amqp_client started on node nonode@nohost
2012-09-25 14:58:58.041 [info] <0.7.0> Application broker started on node nonode@nohost
2012-09-25 15:13:38.113 [info] <0.7.0> Application lager started on node nonode@nohost
2012-09-25 15:13:38.119 [info] <0.72.0>@broker_app:debug_log:234  [*] Running at http://localhost:8008
2012-09-25 15:13:38.151 [info] <0.7.0> Application amqp_client started on node nonode@nohost
2012-09-25 15:13:38.202 [info] <0.7.0> Application broker started on node nonode@nohost
2012-09-25 15:13:57.996 [info] <0.7.0> Application lager started on node nonode@nohost
2012-09-25 15:13:58.011 [info] <0.72.0>@broker_app:debug_log:234  [*] Running at http://localhost:8008
2012-09-25 15:13:58.066 [info] <0.7.0> Application amqp_client started on node nonode@nohost
2012-09-25 15:13:58.126 [info] <0.7.0> Application broker started on node nonode@nohost
2012-09-25 15:14:28.491 [info] <0.7.0> Application lager started on node nonode@nohost
2012-09-25 15:14:28.498 [info] <0.72.0>@broker_app:debug_log:234  [*] Running at http://localhost:8008
2012-09-25 15:14:28.546 [info] <0.7.0> Application amqp_client started on node nonode@nohost
2012-09-25 15:14:28.602 [info] <0.7.0> Application broker started on node nonode@nohost
2012-09-25 15:18:51.885 [info] <0.7.0> Application lager started on node nonode@nohost
2012-09-25 15:18:51.890 [info] <0.72.0>@broker_app:debug_log:234  [*] Running at http://localhost:8008
2012-09-25 15:18:51.921 [info] <0.7.0> Application amqp_client started on node nonode@nohost
2012-09-25 15:18:52.000 [info] <0.7.0> Application broker started on node nonode@nohost
2012-09-25 15:22:49.726 [info] <0.7.0> Application lager started on node nonode@nohost
2012-09-25 15:22:49.747 [info] <0.72.0>@broker_app:debug_log:234  [*] Running at http://localhost:8008
2012-09-25 15:22:49.900 [info] <0.7.0> Application amqp_client started on node nonode@nohost
2012-09-25 15:22:49.951 [info] <0.7.0> Application broker started on node nonode@nohost
2012-09-25 15:23:27.783 [info] <0.7.0> Application lager started on node nonode@nohost
2012-09-25 15:23:27.788 [info] <0.72.0>@broker_app:debug_log:234  [*] Running at http://localhost:8008
2012-09-25 15:23:27.822 [info] <0.7.0> Application amqp_client started on node nonode@nohost
2012-09-25 15:23:27.880 [info] <0.7.0> Application broker started on node nonode@nohost
